{"C:\\Users\\Acer\\Desktop\\Backend_senin\\Backend\\app.js": {"path":"C:\\Users\\Acer\\Desktop\\Backend_senin\\Backend\\app.js","statementMap":{"0":{"start":{"line":1,"column":0},"end":{"line":3,"column":1}},"1":{"start":{"line":2,"column":4},"end":{"line":2,"column":31}},"2":{"start":{"line":5,"column":16},"end":{"line":5,"column":34}},"3":{"start":{"line":6,"column":12},"end":{"line":6,"column":21}},"4":{"start":{"line":7,"column":13},"end":{"line":7,"column":28}},"5":{"start":{"line":8,"column":15},"end":{"line":8,"column":41}},"6":{"start":{"line":9,"column":25},"end":{"line":9,"column":61}},"7":{"start":{"line":10,"column":13},"end":{"line":10,"column":37}},"8":{"start":{"line":12,"column":0},"end":{"line":12,"column":16}},"9":{"start":{"line":13,"column":0},"end":{"line":13,"column":37}},"10":{"start":{"line":14,"column":0},"end":{"line":14,"column":62}},"11":{"start":{"line":16,"column":0},"end":{"line":16,"column":15}},"12":{"start":{"line":17,"column":0},"end":{"line":17,"column":21}},"13":{"start":{"line":18,"column":0},"end":{"line":18,"column":75}},"14":{"start":{"line":18,"column":23},"end":{"line":18,"column":74}},"15":{"start":{"line":20,"column":0},"end":{"line":20,"column":20}}},"fnMap":{"0":{"name":"(anonymous_0)","decl":{"start":{"line":18,"column":17},"end":{"line":18,"column":18}},"loc":{"start":{"line":18,"column":23},"end":{"line":18,"column":74}},"line":18}},"branchMap":{"0":{"loc":{"start":{"line":1,"column":0},"end":{"line":3,"column":1}},"type":"if","locations":[{"start":{"line":1,"column":0},"end":{"line":3,"column":1}},{"start":{"line":1,"column":0},"end":{"line":3,"column":1}}],"line":1},"1":{"loc":{"start":{"line":10,"column":13},"end":{"line":10,"column":37}},"type":"binary-expr","locations":[{"start":{"line":10,"column":13},"end":{"line":10,"column":29}},{"start":{"line":10,"column":33},"end":{"line":10,"column":37}}],"line":10}},"s":{"0":1,"1":1,"2":1,"3":1,"4":1,"5":1,"6":1,"7":1,"8":1,"9":1,"10":1,"11":1,"12":1,"13":1,"14":1,"15":1},"f":{"0":1},"b":{"0":[1,0],"1":[1,1]},"_coverageSchema":"1a1c01bbd47fc00a2c39e90264f33305004495a9","hash":"5474acd5be46fb0c1aa0ea1700dbb433e15fc3ff"}
,"C:\\Users\\Acer\\Desktop\\Backend_senin\\Backend\\controllers\\adminController.js": {"path":"C:\\Users\\Acer\\Desktop\\Backend_senin\\Backend\\controllers\\adminController.js","statementMap":{"0":{"start":{"line":1,"column":29},"end":{"line":1,"column":49}},"1":{"start":{"line":5,"column":25},"end":{"line":5,"column":45}},"2":{"start":{"line":6,"column":26},"end":{"line":6,"column":46}},"3":{"start":{"line":7,"column":25},"end":{"line":7,"column":45}},"4":{"start":{"line":8,"column":8},"end":{"line":8,"column":63}},"5":{"start":{"line":12,"column":8},"end":{"line":16,"column":52}},"6":{"start":{"line":15,"column":26},"end":{"line":15,"column":52}},"7":{"start":{"line":16,"column":26},"end":{"line":16,"column":51}},"8":{"start":{"line":20,"column":0},"end":{"line":20,"column":32}}},"fnMap":{"0":{"name":"(anonymous_0)","decl":{"start":{"line":4,"column":4},"end":{"line":4,"column":5}},"loc":{"start":{"line":4,"column":41},"end":{"line":9,"column":5}},"line":4},"1":{"name":"(anonymous_1)","decl":{"start":{"line":11,"column":4},"end":{"line":11,"column":5}},"loc":{"start":{"line":11,"column":31},"end":{"line":17,"column":5}},"line":11},"2":{"name":"(anonymous_2)","decl":{"start":{"line":15,"column":18},"end":{"line":15,"column":19}},"loc":{"start":{"line":15,"column":26},"end":{"line":15,"column":52}},"line":15},"3":{"name":"(anonymous_3)","decl":{"start":{"line":16,"column":19},"end":{"line":16,"column":20}},"loc":{"start":{"line":16,"column":26},"end":{"line":16,"column":51}},"line":16}},"branchMap":{},"s":{"0":1,"1":0,"2":0,"3":0,"4":0,"5":0,"6":0,"7":0,"8":1},"f":{"0":0,"1":0,"2":0,"3":0},"b":{},"_coverageSchema":"1a1c01bbd47fc00a2c39e90264f33305004495a9","hash":"d71b0c4b68ec5c7e596f154e68c08e129e6a557c"}
,"C:\\Users\\Acer\\Desktop\\Backend_senin\\Backend\\controllers\\approvalController.js": {"path":"C:\\Users\\Acer\\Desktop\\Backend_senin\\Backend\\controllers\\approvalController.js","statementMap":{"0":{"start":{"line":1,"column":39},"end":{"line":1,"column":59}},"1":{"start":{"line":2,"column":15},"end":{"line":2,"column":35}},"2":{"start":{"line":6,"column":8},"end":{"line":18,"column":14}},"3":{"start":{"line":14,"column":16},"end":{"line":14,"column":45}},"4":{"start":{"line":17,"column":16},"end":{"line":17,"column":69}},"5":{"start":{"line":22,"column":8},"end":{"line":74,"column":9}},"6":{"start":{"line":23,"column":29},"end":{"line":26,"column":14}},"7":{"start":{"line":27,"column":29},"end":{"line":48,"column":14}},"8":{"start":{"line":49,"column":36},"end":{"line":49,"column":38}},"9":{"start":{"line":50,"column":12},"end":{"line":70,"column":14}},"10":{"start":{"line":51,"column":16},"end":{"line":51,"column":58}},"11":{"start":{"line":51,"column":46},"end":{"line":51,"column":57}},"12":{"start":{"line":52,"column":28},"end":{"line":52,"column":32}},"13":{"start":{"line":53,"column":37},"end":{"line":53,"column":41}},"14":{"start":{"line":54,"column":16},"end":{"line":66,"column":17}},"15":{"start":{"line":55,"column":20},"end":{"line":65,"column":22}},"16":{"start":{"line":56,"column":24},"end":{"line":64,"column":25}},"17":{"start":{"line":57,"column":28},"end":{"line":63,"column":29}},"18":{"start":{"line":58,"column":32},"end":{"line":58,"column":45}},"19":{"start":{"line":60,"column":32},"end":{"line":62,"column":33}},"20":{"start":{"line":61,"column":36},"end":{"line":61,"column":66}},"21":{"start":{"line":67,"column":16},"end":{"line":69,"column":17}},"22":{"start":{"line":68,"column":20},"end":{"line":68,"column":56}},"23":{"start":{"line":71,"column":12},"end":{"line":71,"column":49}},"24":{"start":{"line":73,"column":12},"end":{"line":73,"column":39}},"25":{"start":{"line":78,"column":8},"end":{"line":102,"column":9}},"26":{"start":{"line":79,"column":31},"end":{"line":79,"column":44}},"27":{"start":{"line":80,"column":30},"end":{"line":85,"column":14}},"28":{"start":{"line":87,"column":38},"end":{"line":97,"column":14}},"29":{"start":{"line":99,"column":12},"end":{"line":99,"column":83}},"30":{"start":{"line":101,"column":12},"end":{"line":101,"column":30}},"31":{"start":{"line":106,"column":8},"end":{"line":134,"column":9}},"32":{"start":{"line":107,"column":39},"end":{"line":114,"column":14}},"33":{"start":{"line":115,"column":12},"end":{"line":131,"column":13}},"34":{"start":{"line":116,"column":41},"end":{"line":120,"column":18}},"35":{"start":{"line":121,"column":36},"end":{"line":121,"column":87}},"36":{"start":{"line":121,"column":66},"end":{"line":121,"column":86}},"37":{"start":{"line":122,"column":16},"end":{"line":130,"column":17}},"38":{"start":{"line":123,"column":20},"end":{"line":129,"column":22}},"39":{"start":{"line":133,"column":12},"end":{"line":133,"column":67}},"40":{"start":{"line":138,"column":8},"end":{"line":146,"column":14}},"41":{"start":{"line":140,"column":16},"end":{"line":142,"column":18}},"42":{"start":{"line":145,"column":16},"end":{"line":145,"column":73}},"43":{"start":{"line":150,"column":0},"end":{"line":150,"column":27}}},"fnMap":{"0":{"name":"(anonymous_0)","decl":{"start":{"line":5,"column":4},"end":{"line":5,"column":5}},"loc":{"start":{"line":5,"column":39},"end":{"line":19,"column":5}},"line":5},"1":{"name":"(anonymous_1)","decl":{"start":{"line":13,"column":18},"end":{"line":13,"column":19}},"loc":{"start":{"line":13,"column":29},"end":{"line":15,"column":13}},"line":13},"2":{"name":"(anonymous_2)","decl":{"start":{"line":16,"column":19},"end":{"line":16,"column":20}},"loc":{"start":{"line":16,"column":26},"end":{"line":18,"column":13}},"line":16},"3":{"name":"(anonymous_3)","decl":{"start":{"line":21,"column":4},"end":{"line":21,"column":5}},"loc":{"start":{"line":21,"column":43},"end":{"line":75,"column":5}},"line":21},"4":{"name":"(anonymous_4)","decl":{"start":{"line":50,"column":29},"end":{"line":50,"column":30}},"loc":{"start":{"line":50,"column":37},"end":{"line":70,"column":13}},"line":50},"5":{"name":"(anonymous_5)","decl":{"start":{"line":51,"column":36},"end":{"line":51,"column":37}},"loc":{"start":{"line":51,"column":46},"end":{"line":51,"column":57}},"line":51},"6":{"name":"(anonymous_6)","decl":{"start":{"line":55,"column":43},"end":{"line":55,"column":44}},"loc":{"start":{"line":55,"column":60},"end":{"line":65,"column":21}},"line":55},"7":{"name":"(anonymous_7)","decl":{"start":{"line":77,"column":4},"end":{"line":77,"column":5}},"loc":{"start":{"line":77,"column":46},"end":{"line":103,"column":5}},"line":77},"8":{"name":"(anonymous_8)","decl":{"start":{"line":105,"column":4},"end":{"line":105,"column":5}},"loc":{"start":{"line":105,"column":38},"end":{"line":135,"column":5}},"line":105},"9":{"name":"(anonymous_9)","decl":{"start":{"line":121,"column":58},"end":{"line":121,"column":59}},"loc":{"start":{"line":121,"column":66},"end":{"line":121,"column":86}},"line":121},"10":{"name":"(anonymous_10)","decl":{"start":{"line":137,"column":4},"end":{"line":137,"column":5}},"loc":{"start":{"line":137,"column":28},"end":{"line":147,"column":5}},"line":137},"11":{"name":"(anonymous_11)","decl":{"start":{"line":139,"column":18},"end":{"line":139,"column":19}},"loc":{"start":{"line":139,"column":30},"end":{"line":143,"column":13}},"line":139},"12":{"name":"(anonymous_12)","decl":{"start":{"line":144,"column":19},"end":{"line":144,"column":20}},"loc":{"start":{"line":144,"column":26},"end":{"line":146,"column":13}},"line":144}},"branchMap":{"0":{"loc":{"start":{"line":54,"column":16},"end":{"line":66,"column":17}},"type":"if","locations":[{"start":{"line":54,"column":16},"end":{"line":66,"column":17}},{"start":{"line":54,"column":16},"end":{"line":66,"column":17}}],"line":54},"1":{"loc":{"start":{"line":56,"column":24},"end":{"line":64,"column":25}},"type":"if","locations":[{"start":{"line":56,"column":24},"end":{"line":64,"column":25}},{"start":{"line":56,"column":24},"end":{"line":64,"column":25}}],"line":56},"2":{"loc":{"start":{"line":57,"column":28},"end":{"line":63,"column":29}},"type":"if","locations":[{"start":{"line":57,"column":28},"end":{"line":63,"column":29}},{"start":{"line":57,"column":28},"end":{"line":63,"column":29}}],"line":57},"3":{"loc":{"start":{"line":60,"column":32},"end":{"line":62,"column":33}},"type":"if","locations":[{"start":{"line":60,"column":32},"end":{"line":62,"column":33}},{"start":{"line":60,"column":32},"end":{"line":62,"column":33}}],"line":60},"4":{"loc":{"start":{"line":67,"column":16},"end":{"line":69,"column":17}},"type":"if","locations":[{"start":{"line":67,"column":16},"end":{"line":69,"column":17}},{"start":{"line":67,"column":16},"end":{"line":69,"column":17}}],"line":67},"5":{"loc":{"start":{"line":115,"column":12},"end":{"line":131,"column":13}},"type":"if","locations":[{"start":{"line":115,"column":12},"end":{"line":131,"column":13}},{"start":{"line":115,"column":12},"end":{"line":131,"column":13}}],"line":115},"6":{"loc":{"start":{"line":122,"column":16},"end":{"line":130,"column":17}},"type":"if","locations":[{"start":{"line":122,"column":16},"end":{"line":130,"column":17}},{"start":{"line":122,"column":16},"end":{"line":130,"column":17}}],"line":122}},"s":{"0":1,"1":1,"2":0,"3":0,"4":0,"5":0,"6":0,"7":0,"8":0,"9":0,"10":0,"11":0,"12":0,"13":0,"14":0,"15":0,"16":0,"17":0,"18":0,"19":0,"20":0,"21":0,"22":0,"23":0,"24":0,"25":0,"26":0,"27":0,"28":0,"29":0,"30":0,"31":0,"32":0,"33":0,"34":0,"35":0,"36":0,"37":0,"38":0,"39":0,"40":0,"41":0,"42":0,"43":1},"f":{"0":0,"1":0,"2":0,"3":0,"4":0,"5":0,"6":0,"7":0,"8":0,"9":0,"10":0,"11":0,"12":0},"b":{"0":[0,0],"1":[0,0],"2":[0,0],"3":[0,0],"4":[0,0],"5":[0,0],"6":[0,0]},"_coverageSchema":"1a1c01bbd47fc00a2c39e90264f33305004495a9","hash":"51e6e679da96f1d6f29a20c51a23a02d39c1763f"}
,"C:\\Users\\Acer\\Desktop\\Backend_senin\\Backend\\controllers\\formController.js": {"path":"C:\\Users\\Acer\\Desktop\\Backend_senin\\Backend\\controllers\\formController.js","statementMap":{"0":{"start":{"line":1,"column":27},"end":{"line":1,"column":47}},"1":{"start":{"line":5,"column":8},"end":{"line":7,"column":32}},"2":{"start":{"line":6,"column":22},"end":{"line":6,"column":48}},"3":{"start":{"line":7,"column":22},"end":{"line":7,"column":31}},"4":{"start":{"line":11,"column":8},"end":{"line":32,"column":9}},"5":{"start":{"line":12,"column":77},"end":{"line":12,"column":85}},"6":{"start":{"line":13,"column":28},"end":{"line":18,"column":14}},"7":{"start":{"line":19,"column":37},"end":{"line":19,"column":39}},"8":{"start":{"line":20,"column":12},"end":{"line":25,"column":16}},"9":{"start":{"line":20,"column":41},"end":{"line":25,"column":15}},"10":{"start":{"line":27,"column":12},"end":{"line":27,"column":47}},"11":{"start":{"line":28,"column":12},"end":{"line":28,"column":74}},"12":{"start":{"line":30,"column":12},"end":{"line":30,"column":29}},"13":{"start":{"line":31,"column":12},"end":{"line":31,"column":21}},"14":{"start":{"line":36,"column":0},"end":{"line":36,"column":31}}},"fnMap":{"0":{"name":"(anonymous_0)","decl":{"start":{"line":4,"column":4},"end":{"line":4,"column":5}},"loc":{"start":{"line":4,"column":38},"end":{"line":8,"column":5}},"line":4},"1":{"name":"(anonymous_1)","decl":{"start":{"line":6,"column":14},"end":{"line":6,"column":15}},"loc":{"start":{"line":6,"column":22},"end":{"line":6,"column":48}},"line":6},"2":{"name":"(anonymous_2)","decl":{"start":{"line":7,"column":15},"end":{"line":7,"column":16}},"loc":{"start":{"line":7,"column":22},"end":{"line":7,"column":31}},"line":7},"3":{"name":"(anonymous_3)","decl":{"start":{"line":10,"column":4},"end":{"line":10,"column":5}},"loc":{"start":{"line":10,"column":41},"end":{"line":33,"column":5}},"line":10},"4":{"name":"(anonymous_4)","decl":{"start":{"line":20,"column":33},"end":{"line":20,"column":34}},"loc":{"start":{"line":20,"column":41},"end":{"line":25,"column":15}},"line":20}},"branchMap":{},"s":{"0":1,"1":1,"2":1,"3":0,"4":7,"5":7,"6":7,"7":4,"8":4,"9":2,"10":2,"11":1,"12":6,"13":6,"14":1},"f":{"0":1,"1":1,"2":0,"3":7,"4":2},"b":{},"_coverageSchema":"1a1c01bbd47fc00a2c39e90264f33305004495a9","hash":"9c9f364a0278608296bd13e8ebb7726048315a37"}
,"C:\\Users\\Acer\\Desktop\\Backend_senin\\Backend\\controllers\\roleController.js": {"path":"C:\\Users\\Acer\\Desktop\\Backend_senin\\Backend\\controllers\\roleController.js","statementMap":{"0":{"start":{"line":1,"column":17},"end":{"line":1,"column":37}},"1":{"start":{"line":2,"column":15},"end":{"line":2,"column":35}},"2":{"start":{"line":6,"column":8},"end":{"line":16,"column":14}},"3":{"start":{"line":12,"column":16},"end":{"line":12,"column":43}},"4":{"start":{"line":15,"column":16},"end":{"line":15,"column":62}},"5":{"start":{"line":19,"column":35},"end":{"line":19,"column":43}},"6":{"start":{"line":20,"column":8},"end":{"line":33,"column":14}},"7":{"start":{"line":25,"column":16},"end":{"line":29,"column":18}},"8":{"start":{"line":32,"column":16},"end":{"line":32,"column":69}},"9":{"start":{"line":36,"column":8},"end":{"line":42,"column":14}},"10":{"start":{"line":38,"column":16},"end":{"line":38,"column":43}},"11":{"start":{"line":41,"column":16},"end":{"line":41,"column":62}},"12":{"start":{"line":45,"column":35},"end":{"line":45,"column":43}},"13":{"start":{"line":46,"column":8},"end":{"line":59,"column":14}},"14":{"start":{"line":51,"column":16},"end":{"line":55,"column":18}},"15":{"start":{"line":58,"column":16},"end":{"line":58,"column":69}},"16":{"start":{"line":62,"column":8},"end":{"line":68,"column":14}},"17":{"start":{"line":64,"column":16},"end":{"line":64,"column":54}},"18":{"start":{"line":67,"column":16},"end":{"line":67,"column":62}},"19":{"start":{"line":72,"column":0},"end":{"line":72,"column":27}}},"fnMap":{"0":{"name":"(anonymous_0)","decl":{"start":{"line":5,"column":4},"end":{"line":5,"column":5}},"loc":{"start":{"line":5,"column":26},"end":{"line":17,"column":5}},"line":5},"1":{"name":"(anonymous_1)","decl":{"start":{"line":11,"column":18},"end":{"line":11,"column":19}},"loc":{"start":{"line":11,"column":27},"end":{"line":13,"column":13}},"line":11},"2":{"name":"(anonymous_2)","decl":{"start":{"line":14,"column":19},"end":{"line":14,"column":20}},"loc":{"start":{"line":14,"column":26},"end":{"line":16,"column":13}},"line":14},"3":{"name":"(anonymous_3)","decl":{"start":{"line":18,"column":4},"end":{"line":18,"column":5}},"loc":{"start":{"line":18,"column":28},"end":{"line":34,"column":5}},"line":18},"4":{"name":"(anonymous_4)","decl":{"start":{"line":24,"column":18},"end":{"line":24,"column":19}},"loc":{"start":{"line":24,"column":26},"end":{"line":30,"column":13}},"line":24},"5":{"name":"(anonymous_5)","decl":{"start":{"line":31,"column":19},"end":{"line":31,"column":20}},"loc":{"start":{"line":31,"column":26},"end":{"line":33,"column":13}},"line":31},"6":{"name":"(anonymous_6)","decl":{"start":{"line":35,"column":4},"end":{"line":35,"column":5}},"loc":{"start":{"line":35,"column":29},"end":{"line":43,"column":5}},"line":35},"7":{"name":"(anonymous_7)","decl":{"start":{"line":37,"column":18},"end":{"line":37,"column":19}},"loc":{"start":{"line":37,"column":27},"end":{"line":39,"column":13}},"line":37},"8":{"name":"(anonymous_8)","decl":{"start":{"line":40,"column":19},"end":{"line":40,"column":20}},"loc":{"start":{"line":40,"column":26},"end":{"line":42,"column":13}},"line":40},"9":{"name":"(anonymous_9)","decl":{"start":{"line":44,"column":4},"end":{"line":44,"column":5}},"loc":{"start":{"line":44,"column":26},"end":{"line":60,"column":5}},"line":44},"10":{"name":"(anonymous_10)","decl":{"start":{"line":50,"column":18},"end":{"line":50,"column":19}},"loc":{"start":{"line":50,"column":26},"end":{"line":56,"column":13}},"line":50},"11":{"name":"(anonymous_11)","decl":{"start":{"line":57,"column":19},"end":{"line":57,"column":20}},"loc":{"start":{"line":57,"column":26},"end":{"line":59,"column":13}},"line":57},"12":{"name":"(anonymous_12)","decl":{"start":{"line":61,"column":4},"end":{"line":61,"column":5}},"loc":{"start":{"line":61,"column":28},"end":{"line":69,"column":5}},"line":61},"13":{"name":"(anonymous_13)","decl":{"start":{"line":63,"column":18},"end":{"line":63,"column":19}},"loc":{"start":{"line":63,"column":28},"end":{"line":65,"column":13}},"line":63},"14":{"name":"(anonymous_14)","decl":{"start":{"line":66,"column":19},"end":{"line":66,"column":20}},"loc":{"start":{"line":66,"column":26},"end":{"line":68,"column":13}},"line":66}},"branchMap":{},"s":{"0":1,"1":1,"2":0,"3":0,"4":0,"5":0,"6":0,"7":0,"8":0,"9":0,"10":0,"11":0,"12":0,"13":0,"14":0,"15":0,"16":0,"17":0,"18":0,"19":1},"f":{"0":0,"1":0,"2":0,"3":0,"4":0,"5":0,"6":0,"7":0,"8":0,"9":0,"10":0,"11":0,"12":0,"13":0,"14":0},"b":{},"_coverageSchema":"1a1c01bbd47fc00a2c39e90264f33305004495a9","hash":"f035accc778b0eebb7d58e97da74ce3e93128847"}
,"C:\\Users\\Acer\\Desktop\\Backend_senin\\Backend\\controllers\\userController.js": {"path":"C:\\Users\\Acer\\Desktop\\Backend_senin\\Backend\\controllers\\userController.js","statementMap":{"0":{"start":{"line":1,"column":17},"end":{"line":1,"column":37}},"1":{"start":{"line":2,"column":27},"end":{"line":2,"column":54}},"2":{"start":{"line":3,"column":24},"end":{"line":3,"column":48}},"3":{"start":{"line":7,"column":22},"end":{"line":7,"column":36}},"4":{"start":{"line":8,"column":24},"end":{"line":13,"column":9}},"5":{"start":{"line":14,"column":8},"end":{"line":31,"column":14}},"6":{"start":{"line":16,"column":16},"end":{"line":20,"column":17}},"7":{"start":{"line":17,"column":20},"end":{"line":17,"column":83}},"8":{"start":{"line":19,"column":20},"end":{"line":19,"column":47}},"9":{"start":{"line":23,"column":16},"end":{"line":27,"column":18}},"10":{"start":{"line":30,"column":16},"end":{"line":30,"column":25}},"11":{"start":{"line":35,"column":36},"end":{"line":35,"column":44}},"12":{"start":{"line":36,"column":8},"end":{"line":36,"column":43}},"13":{"start":{"line":38,"column":8},"end":{"line":66,"column":14}},"14":{"start":{"line":42,"column":16},"end":{"line":42,"column":43}},"15":{"start":{"line":43,"column":16},"end":{"line":47,"column":17}},"16":{"start":{"line":44,"column":20},"end":{"line":44,"column":71}},"17":{"start":{"line":46,"column":20},"end":{"line":46,"column":67}},"18":{"start":{"line":50,"column":16},"end":{"line":62,"column":17}},"19":{"start":{"line":51,"column":41},"end":{"line":54,"column":22}},"20":{"start":{"line":55,"column":20},"end":{"line":59,"column":22}},"21":{"start":{"line":61,"column":20},"end":{"line":61,"column":67}},"22":{"start":{"line":65,"column":16},"end":{"line":65,"column":63}},"23":{"start":{"line":70,"column":0},"end":{"line":70,"column":27}}},"fnMap":{"0":{"name":"(anonymous_0)","decl":{"start":{"line":6,"column":4},"end":{"line":6,"column":5}},"loc":{"start":{"line":6,"column":36},"end":{"line":32,"column":5}},"line":6},"1":{"name":"(anonymous_1)","decl":{"start":{"line":15,"column":18},"end":{"line":15,"column":19}},"loc":{"start":{"line":15,"column":26},"end":{"line":21,"column":13}},"line":15},"2":{"name":"(anonymous_2)","decl":{"start":{"line":22,"column":18},"end":{"line":22,"column":19}},"loc":{"start":{"line":22,"column":26},"end":{"line":28,"column":13}},"line":22},"3":{"name":"(anonymous_3)","decl":{"start":{"line":29,"column":19},"end":{"line":29,"column":20}},"loc":{"start":{"line":29,"column":26},"end":{"line":31,"column":13}},"line":29},"4":{"name":"(anonymous_4)","decl":{"start":{"line":34,"column":4},"end":{"line":34,"column":5}},"loc":{"start":{"line":34,"column":33},"end":{"line":67,"column":5}},"line":34},"5":{"name":"(anonymous_5)","decl":{"start":{"line":41,"column":18},"end":{"line":41,"column":19}},"loc":{"start":{"line":41,"column":26},"end":{"line":48,"column":13}},"line":41},"6":{"name":"(anonymous_6)","decl":{"start":{"line":49,"column":18},"end":{"line":49,"column":19}},"loc":{"start":{"line":49,"column":32},"end":{"line":63,"column":13}},"line":49},"7":{"name":"(anonymous_7)","decl":{"start":{"line":64,"column":19},"end":{"line":64,"column":20}},"loc":{"start":{"line":64,"column":26},"end":{"line":66,"column":13}},"line":64}},"branchMap":{"0":{"loc":{"start":{"line":16,"column":16},"end":{"line":20,"column":17}},"type":"if","locations":[{"start":{"line":16,"column":16},"end":{"line":20,"column":17}},{"start":{"line":16,"column":16},"end":{"line":20,"column":17}}],"line":16},"1":{"loc":{"start":{"line":43,"column":16},"end":{"line":47,"column":17}},"type":"if","locations":[{"start":{"line":43,"column":16},"end":{"line":47,"column":17}},{"start":{"line":43,"column":16},"end":{"line":47,"column":17}}],"line":43},"2":{"loc":{"start":{"line":50,"column":16},"end":{"line":62,"column":17}},"type":"if","locations":[{"start":{"line":50,"column":16},"end":{"line":62,"column":17}},{"start":{"line":50,"column":16},"end":{"line":62,"column":17}}],"line":50}},"s":{"0":1,"1":1,"2":1,"3":0,"4":0,"5":0,"6":0,"7":0,"8":0,"9":0,"10":0,"11":0,"12":0,"13":0,"14":0,"15":0,"16":0,"17":0,"18":0,"19":0,"20":0,"21":0,"22":0,"23":1},"f":{"0":0,"1":0,"2":0,"3":0,"4":0,"5":0,"6":0,"7":0},"b":{"0":[0,0],"1":[0,0],"2":[0,0]},"_coverageSchema":"1a1c01bbd47fc00a2c39e90264f33305004495a9","hash":"aae3f2b3195de636581609e5db97917f478ebd59"}
,"C:\\Users\\Acer\\Desktop\\Backend_senin\\Backend\\helper\\bcrypt.js": {"path":"C:\\Users\\Acer\\Desktop\\Backend_senin\\Backend\\helper\\bcrypt.js","statementMap":{"0":{"start":{"line":1,"column":15},"end":{"line":1,"column":32}},"1":{"start":{"line":2,"column":13},"end":{"line":2,"column":37}},"2":{"start":{"line":5,"column":4},"end":{"line":5,"column":42}},"3":{"start":{"line":9,"column":4},"end":{"line":9,"column":55}},"4":{"start":{"line":12,"column":0},"end":{"line":12,"column":49}}},"fnMap":{"0":{"name":"hashPassword","decl":{"start":{"line":4,"column":9},"end":{"line":4,"column":21}},"loc":{"start":{"line":4,"column":32},"end":{"line":6,"column":1}},"line":4},"1":{"name":"verifyPassword","decl":{"start":{"line":8,"column":9},"end":{"line":8,"column":23}},"loc":{"start":{"line":8,"column":50},"end":{"line":10,"column":1}},"line":8}},"branchMap":{},"s":{"0":1,"1":1,"2":1,"3":0,"4":1},"f":{"0":1,"1":0},"b":{},"_coverageSchema":"1a1c01bbd47fc00a2c39e90264f33305004495a9","hash":"cb20cfd7de40907fea20cc69ae0974fec53d1970"}
,"C:\\Users\\Acer\\Desktop\\Backend_senin\\Backend\\helper\\jwt.js": {"path":"C:\\Users\\Acer\\Desktop\\Backend_senin\\Backend\\helper\\jwt.js","statementMap":{"0":{"start":{"line":1,"column":12},"end":{"line":1,"column":35}},"1":{"start":{"line":2,"column":19},"end":{"line":2,"column":41}},"2":{"start":{"line":5,"column":4},"end":{"line":5,"column":43}},"3":{"start":{"line":9,"column":4},"end":{"line":9,"column":47}},"4":{"start":{"line":12,"column":0},"end":{"line":12,"column":44}}},"fnMap":{"0":{"name":"createToken","decl":{"start":{"line":4,"column":9},"end":{"line":4,"column":20}},"loc":{"start":{"line":4,"column":33},"end":{"line":6,"column":1}},"line":4},"1":{"name":"verifyUser","decl":{"start":{"line":8,"column":9},"end":{"line":8,"column":19}},"loc":{"start":{"line":8,"column":34},"end":{"line":10,"column":1}},"line":8}},"branchMap":{},"s":{"0":1,"1":1,"2":2,"3":10,"4":1},"f":{"0":2,"1":10},"b":{},"_coverageSchema":"1a1c01bbd47fc00a2c39e90264f33305004495a9","hash":"7c787aabe18754836212a1f79355418a90d83dbd"}
,"C:\\Users\\Acer\\Desktop\\Backend_senin\\Backend\\middleware\\authentication.js": {"path":"C:\\Users\\Acer\\Desktop\\Backend_senin\\Backend\\middleware\\authentication.js","statementMap":{"0":{"start":{"line":1,"column":36},"end":{"line":1,"column":60}},"1":{"start":{"line":2,"column":17},"end":{"line":2,"column":37}},"2":{"start":{"line":5,"column":25},"end":{"line":5,"column":49}},"3":{"start":{"line":7,"column":4},"end":{"line":29,"column":5}},"4":{"start":{"line":8,"column":24},"end":{"line":8,"column":48}},"5":{"start":{"line":9,"column":8},"end":{"line":26,"column":14}},"6":{"start":{"line":13,"column":16},"end":{"line":22,"column":17}},"7":{"start":{"line":14,"column":20},"end":{"line":18,"column":21}},"8":{"start":{"line":19,"column":20},"end":{"line":19,"column":26}},"9":{"start":{"line":21,"column":20},"end":{"line":21,"column":35}},"10":{"start":{"line":25,"column":16},"end":{"line":25,"column":31}},"11":{"start":{"line":28,"column":8},"end":{"line":28,"column":23}},"12":{"start":{"line":32,"column":0},"end":{"line":32,"column":31}}},"fnMap":{"0":{"name":"authentication","decl":{"start":{"line":4,"column":9},"end":{"line":4,"column":23}},"loc":{"start":{"line":4,"column":40},"end":{"line":30,"column":1}},"line":4},"1":{"name":"(anonymous_1)","decl":{"start":{"line":12,"column":18},"end":{"line":12,"column":19}},"loc":{"start":{"line":12,"column":26},"end":{"line":23,"column":13}},"line":12},"2":{"name":"(anonymous_2)","decl":{"start":{"line":24,"column":19},"end":{"line":24,"column":20}},"loc":{"start":{"line":24,"column":26},"end":{"line":26,"column":13}},"line":24}},"branchMap":{"0":{"loc":{"start":{"line":7,"column":4},"end":{"line":29,"column":5}},"type":"if","locations":[{"start":{"line":7,"column":4},"end":{"line":29,"column":5}},{"start":{"line":7,"column":4},"end":{"line":29,"column":5}}],"line":7},"1":{"loc":{"start":{"line":13,"column":16},"end":{"line":22,"column":17}},"type":"if","locations":[{"start":{"line":13,"column":16},"end":{"line":22,"column":17}},{"start":{"line":13,"column":16},"end":{"line":22,"column":17}}],"line":13}},"s":{"0":1,"1":1,"2":10,"3":10,"4":10,"5":8,"6":8,"7":8,"8":8,"9":0,"10":0,"11":0,"12":1},"f":{"0":10,"1":8,"2":0},"b":{"0":[10,0],"1":[8,0]},"_coverageSchema":"1a1c01bbd47fc00a2c39e90264f33305004495a9","hash":"cb6152278595487a4c53aed0dfc79cdd3879cd00"}
,"C:\\Users\\Acer\\Desktop\\Backend_senin\\Backend\\middleware\\errorHandler.js": {"path":"C:\\Users\\Acer\\Desktop\\Backend_senin\\Backend\\middleware\\errorHandler.js","statementMap":{"0":{"start":{"line":1,"column":21},"end":{"line":22,"column":1}},"1":{"start":{"line":2,"column":4},"end":{"line":21,"column":5}},"2":{"start":{"line":4,"column":12},"end":{"line":4,"column":85}},"3":{"start":{"line":5,"column":12},"end":{"line":5,"column":18}},"4":{"start":{"line":7,"column":12},"end":{"line":7,"column":55}},"5":{"start":{"line":8,"column":12},"end":{"line":8,"column":18}},"6":{"start":{"line":10,"column":12},"end":{"line":10,"column":72}},"7":{"start":{"line":11,"column":12},"end":{"line":11,"column":18}},"8":{"start":{"line":13,"column":12},"end":{"line":13,"column":72}},"9":{"start":{"line":14,"column":12},"end":{"line":14,"column":18}},"10":{"start":{"line":16,"column":12},"end":{"line":16,"column":67}},"11":{"start":{"line":17,"column":12},"end":{"line":17,"column":18}},"12":{"start":{"line":19,"column":12},"end":{"line":19,"column":110}},"13":{"start":{"line":20,"column":12},"end":{"line":20,"column":18}},"14":{"start":{"line":24,"column":0},"end":{"line":26,"column":1}}},"fnMap":{"0":{"name":"(anonymous_0)","decl":{"start":{"line":1,"column":21},"end":{"line":1,"column":22}},"loc":{"start":{"line":1,"column":43},"end":{"line":22,"column":1}},"line":1}},"branchMap":{"0":{"loc":{"start":{"line":2,"column":4},"end":{"line":21,"column":5}},"type":"switch","locations":[{"start":{"line":3,"column":8},"end":{"line":5,"column":18}},{"start":{"line":6,"column":8},"end":{"line":8,"column":18}},{"start":{"line":9,"column":8},"end":{"line":11,"column":18}},{"start":{"line":12,"column":8},"end":{"line":14,"column":18}},{"start":{"line":15,"column":8},"end":{"line":17,"column":18}},{"start":{"line":18,"column":8},"end":{"line":20,"column":18}}],"line":2},"1":{"loc":{"start":{"line":19,"column":43},"end":{"line":19,"column":108}},"type":"binary-expr","locations":[{"start":{"line":19,"column":43},"end":{"line":19,"column":46}},{"start":{"line":19,"column":50},"end":{"line":19,"column":108}}],"line":19}},"s":{"0":1,"1":8,"2":2,"3":2,"4":3,"5":3,"6":1,"7":1,"8":0,"9":0,"10":0,"11":0,"12":2,"13":2,"14":1},"f":{"0":8},"b":{"0":[2,3,1,0,0,2],"1":[2,0]},"_coverageSchema":"1a1c01bbd47fc00a2c39e90264f33305004495a9","hash":"49aec0b87c6d0ae22782f1d5aee4e35a671e47fe"}
,"C:\\Users\\Acer\\Desktop\\Backend_senin\\Backend\\models\\approval.js": {"path":"C:\\Users\\Acer\\Desktop\\Backend_senin\\Backend\\models\\approval.js","statementMap":{"0":{"start":{"line":4,"column":4},"end":{"line":4,"column":24}},"1":{"start":{"line":5,"column":0},"end":{"line":33,"column":2}},"2":{"start":{"line":14,"column":6},"end":{"line":14,"column":37}},"3":{"start":{"line":15,"column":6},"end":{"line":15,"column":37}},"4":{"start":{"line":18,"column":2},"end":{"line":31,"column":5}},"5":{"start":{"line":32,"column":2},"end":{"line":32,"column":18}}},"fnMap":{"0":{"name":"(anonymous_0)","decl":{"start":{"line":5,"column":17},"end":{"line":5,"column":18}},"loc":{"start":{"line":5,"column":43},"end":{"line":33,"column":1}},"line":5},"1":{"name":"(anonymous_1)","decl":{"start":{"line":12,"column":4},"end":{"line":12,"column":5}},"loc":{"start":{"line":12,"column":29},"end":{"line":16,"column":5}},"line":12}},"branchMap":{},"s":{"0":1,"1":1,"2":1,"3":1,"4":1,"5":1},"f":{"0":1,"1":1},"b":{},"_coverageSchema":"1a1c01bbd47fc00a2c39e90264f33305004495a9","hash":"3e3c0cb22ca847369d6141d2019dba1c80b37b29"}
,"C:\\Users\\Acer\\Desktop\\Backend_senin\\Backend\\models\\form.js": {"path":"C:\\Users\\Acer\\Desktop\\Backend_senin\\Backend\\models\\form.js","statementMap":{"0":{"start":{"line":4,"column":4},"end":{"line":4,"column":24}},"1":{"start":{"line":5,"column":0},"end":{"line":51,"column":2}},"2":{"start":{"line":14,"column":6},"end":{"line":14,"column":67}},"3":{"start":{"line":15,"column":6},"end":{"line":15,"column":36}},"4":{"start":{"line":18,"column":2},"end":{"line":49,"column":5}},"5":{"start":{"line":50,"column":2},"end":{"line":50,"column":14}}},"fnMap":{"0":{"name":"(anonymous_0)","decl":{"start":{"line":5,"column":17},"end":{"line":5,"column":18}},"loc":{"start":{"line":5,"column":43},"end":{"line":51,"column":1}},"line":5},"1":{"name":"(anonymous_1)","decl":{"start":{"line":12,"column":4},"end":{"line":12,"column":5}},"loc":{"start":{"line":12,"column":29},"end":{"line":16,"column":5}},"line":12}},"branchMap":{},"s":{"0":1,"1":1,"2":1,"3":1,"4":1,"5":1},"f":{"0":1,"1":1},"b":{},"_coverageSchema":"1a1c01bbd47fc00a2c39e90264f33305004495a9","hash":"3bc7789ff0a090dfba419732c8a08c9fbbfd0671"}
,"C:\\Users\\Acer\\Desktop\\Backend_senin\\Backend\\models\\index.js": {"path":"C:\\Users\\Acer\\Desktop\\Backend_senin\\Backend\\models\\index.js","statementMap":{"0":{"start":{"line":3,"column":11},"end":{"line":3,"column":24}},"1":{"start":{"line":4,"column":13},"end":{"line":4,"column":28}},"2":{"start":{"line":5,"column":18},"end":{"line":5,"column":38}},"3":{"start":{"line":6,"column":17},"end":{"line":6,"column":42}},"4":{"start":{"line":7,"column":12},"end":{"line":7,"column":49}},"5":{"start":{"line":8,"column":15},"end":{"line":8,"column":65}},"6":{"start":{"line":9,"column":11},"end":{"line":9,"column":13}},"7":{"start":{"line":12,"column":0},"end":{"line":16,"column":1}},"8":{"start":{"line":13,"column":2},"end":{"line":13,"column":74}},"9":{"start":{"line":15,"column":2},"end":{"line":15,"column":87}},"10":{"start":{"line":18,"column":0},"end":{"line":26,"column":5}},"11":{"start":{"line":21,"column":4},"end":{"line":21,"column":90}},"12":{"start":{"line":24,"column":18},"end":{"line":24,"column":85}},"13":{"start":{"line":25,"column":4},"end":{"line":25,"column":27}},"14":{"start":{"line":28,"column":0},"end":{"line":32,"column":3}},"15":{"start":{"line":29,"column":2},"end":{"line":31,"column":3}},"16":{"start":{"line":30,"column":4},"end":{"line":30,"column":32}},"17":{"start":{"line":34,"column":0},"end":{"line":34,"column":25}},"18":{"start":{"line":35,"column":0},"end":{"line":35,"column":25}},"19":{"start":{"line":37,"column":0},"end":{"line":37,"column":20}}},"fnMap":{"0":{"name":"(anonymous_0)","decl":{"start":{"line":20,"column":10},"end":{"line":20,"column":11}},"loc":{"start":{"line":20,"column":18},"end":{"line":22,"column":3}},"line":20},"1":{"name":"(anonymous_1)","decl":{"start":{"line":23,"column":11},"end":{"line":23,"column":12}},"loc":{"start":{"line":23,"column":19},"end":{"line":26,"column":3}},"line":23},"2":{"name":"(anonymous_2)","decl":{"start":{"line":28,"column":24},"end":{"line":28,"column":25}},"loc":{"start":{"line":28,"column":37},"end":{"line":32,"column":1}},"line":28}},"branchMap":{"0":{"loc":{"start":{"line":7,"column":12},"end":{"line":7,"column":49}},"type":"binary-expr","locations":[{"start":{"line":7,"column":12},"end":{"line":7,"column":32}},{"start":{"line":7,"column":36},"end":{"line":7,"column":49}}],"line":7},"1":{"loc":{"start":{"line":12,"column":0},"end":{"line":16,"column":1}},"type":"if","locations":[{"start":{"line":12,"column":0},"end":{"line":16,"column":1}},{"start":{"line":12,"column":0},"end":{"line":16,"column":1}}],"line":12},"2":{"loc":{"start":{"line":21,"column":11},"end":{"line":21,"column":89}},"type":"binary-expr","locations":[{"start":{"line":21,"column":12},"end":{"line":21,"column":35}},{"start":{"line":21,"column":41},"end":{"line":21,"column":58}},{"start":{"line":21,"column":64},"end":{"line":21,"column":88}}],"line":21},"3":{"loc":{"start":{"line":29,"column":2},"end":{"line":31,"column":3}},"type":"if","locations":[{"start":{"line":29,"column":2},"end":{"line":31,"column":3}},{"start":{"line":29,"column":2},"end":{"line":31,"column":3}}],"line":29}},"s":{"0":1,"1":1,"2":1,"3":1,"4":1,"5":1,"6":1,"7":1,"8":0,"9":1,"10":1,"11":5,"12":4,"13":4,"14":1,"15":4,"16":4,"17":1,"18":1,"19":1},"f":{"0":5,"1":4,"2":4},"b":{"0":[1,0],"1":[0,1],"2":[5,5,4],"3":[4,0]},"_coverageSchema":"1a1c01bbd47fc00a2c39e90264f33305004495a9","hash":"f56f164d51110016e44535f3801511cf12d72bbc"}
,"C:\\Users\\Acer\\Desktop\\Backend_senin\\Backend\\models\\role.js": {"path":"C:\\Users\\Acer\\Desktop\\Backend_senin\\Backend\\models\\role.js","statementMap":{"0":{"start":{"line":4,"column":4},"end":{"line":4,"column":24}},"1":{"start":{"line":5,"column":0},"end":{"line":25,"column":2}},"2":{"start":{"line":14,"column":6},"end":{"line":14,"column":31}},"3":{"start":{"line":17,"column":2},"end":{"line":23,"column":5}},"4":{"start":{"line":24,"column":2},"end":{"line":24,"column":14}}},"fnMap":{"0":{"name":"(anonymous_0)","decl":{"start":{"line":5,"column":17},"end":{"line":5,"column":18}},"loc":{"start":{"line":5,"column":43},"end":{"line":25,"column":1}},"line":5},"1":{"name":"(anonymous_1)","decl":{"start":{"line":12,"column":4},"end":{"line":12,"column":5}},"loc":{"start":{"line":12,"column":29},"end":{"line":15,"column":5}},"line":12}},"branchMap":{},"s":{"0":1,"1":1,"2":1,"3":1,"4":1},"f":{"0":1,"1":1},"b":{},"_coverageSchema":"1a1c01bbd47fc00a2c39e90264f33305004495a9","hash":"de18755abc94ef6a7202fcae3d7c13020560fbc3"}
,"C:\\Users\\Acer\\Desktop\\Backend_senin\\Backend\\models\\user.js": {"path":"C:\\Users\\Acer\\Desktop\\Backend_senin\\Backend\\models\\user.js","statementMap":{"0":{"start":{"line":4,"column":4},"end":{"line":4,"column":24}},"1":{"start":{"line":5,"column":0},"end":{"line":31,"column":2}},"2":{"start":{"line":14,"column":6},"end":{"line":14,"column":33}},"3":{"start":{"line":15,"column":6},"end":{"line":15,"column":67}},"4":{"start":{"line":16,"column":6},"end":{"line":16,"column":35}},"5":{"start":{"line":19,"column":2},"end":{"line":29,"column":5}},"6":{"start":{"line":30,"column":2},"end":{"line":30,"column":14}}},"fnMap":{"0":{"name":"(anonymous_0)","decl":{"start":{"line":5,"column":17},"end":{"line":5,"column":18}},"loc":{"start":{"line":5,"column":43},"end":{"line":31,"column":1}},"line":5},"1":{"name":"(anonymous_1)","decl":{"start":{"line":12,"column":4},"end":{"line":12,"column":5}},"loc":{"start":{"line":12,"column":29},"end":{"line":17,"column":5}},"line":12}},"branchMap":{},"s":{"0":1,"1":1,"2":1,"3":1,"4":1,"5":1,"6":1},"f":{"0":1,"1":1},"b":{},"_coverageSchema":"1a1c01bbd47fc00a2c39e90264f33305004495a9","hash":"0f536477823b083d3a45302ad6f5e2e31eb084d6"}
,"C:\\Users\\Acer\\Desktop\\Backend_senin\\Backend\\routes\\adminRouter.js": {"path":"C:\\Users\\Acer\\Desktop\\Backend_senin\\Backend\\routes\\adminRouter.js","statementMap":{"0":{"start":{"line":1,"column":20},"end":{"line":1,"column":47}},"1":{"start":{"line":2,"column":24},"end":{"line":2,"column":65}},"2":{"start":{"line":4,"column":0},"end":{"line":4,"column":61}},"3":{"start":{"line":5,"column":0},"end":{"line":5,"column":53}},"4":{"start":{"line":7,"column":0},"end":{"line":7,"column":28}}},"fnMap":{},"branchMap":{},"s":{"0":1,"1":1,"2":1,"3":1,"4":1},"f":{},"b":{},"_coverageSchema":"1a1c01bbd47fc00a2c39e90264f33305004495a9","hash":"0b0d570121e0b08cfd4ca088d39e71257134f775"}
,"C:\\Users\\Acer\\Desktop\\Backend_senin\\Backend\\routes\\approvalRouter.js": {"path":"C:\\Users\\Acer\\Desktop\\Backend_senin\\Backend\\routes\\approvalRouter.js","statementMap":{"0":{"start":{"line":1,"column":23},"end":{"line":1,"column":50}},"1":{"start":{"line":2,"column":19},"end":{"line":2,"column":63}},"2":{"start":{"line":4,"column":0},"end":{"line":4,"column":61}},"3":{"start":{"line":5,"column":0},"end":{"line":5,"column":58}},"4":{"start":{"line":6,"column":0},"end":{"line":6,"column":58}},"5":{"start":{"line":7,"column":0},"end":{"line":7,"column":52}},"6":{"start":{"line":8,"column":0},"end":{"line":8,"column":49}},"7":{"start":{"line":10,"column":0},"end":{"line":10,"column":31}}},"fnMap":{},"branchMap":{},"s":{"0":1,"1":1,"2":1,"3":1,"4":1,"5":1,"6":1,"7":1},"f":{},"b":{},"_coverageSchema":"1a1c01bbd47fc00a2c39e90264f33305004495a9","hash":"9e641e7a34b8213c69bb53fa9f6758b6136e14f5"}
,"C:\\Users\\Acer\\Desktop\\Backend_senin\\Backend\\routes\\formRouter.js": {"path":"C:\\Users\\Acer\\Desktop\\Backend_senin\\Backend\\routes\\formRouter.js","statementMap":{"0":{"start":{"line":1,"column":19},"end":{"line":1,"column":46}},"1":{"start":{"line":2,"column":23},"end":{"line":2,"column":63}},"2":{"start":{"line":4,"column":0},"end":{"line":4,"column":47}},"3":{"start":{"line":5,"column":0},"end":{"line":5,"column":45}},"4":{"start":{"line":8,"column":0},"end":{"line":8,"column":27}}},"fnMap":{},"branchMap":{},"s":{"0":1,"1":1,"2":1,"3":1,"4":1},"f":{},"b":{},"_coverageSchema":"1a1c01bbd47fc00a2c39e90264f33305004495a9","hash":"1990909ef13b2362154aa9860fb2da19d268bae6"}
,"C:\\Users\\Acer\\Desktop\\Backend_senin\\Backend\\routes\\roleRouter.js": {"path":"C:\\Users\\Acer\\Desktop\\Backend_senin\\Backend\\routes\\roleRouter.js","statementMap":{"0":{"start":{"line":1,"column":19},"end":{"line":1,"column":46}},"1":{"start":{"line":2,"column":19},"end":{"line":2,"column":59}},"2":{"start":{"line":4,"column":0},"end":{"line":4,"column":37}},"3":{"start":{"line":5,"column":0},"end":{"line":5,"column":40}},"4":{"start":{"line":6,"column":0},"end":{"line":6,"column":43}},"5":{"start":{"line":7,"column":0},"end":{"line":7,"column":40}},"6":{"start":{"line":8,"column":0},"end":{"line":8,"column":45}},"7":{"start":{"line":11,"column":0},"end":{"line":11,"column":27}}},"fnMap":{},"branchMap":{},"s":{"0":1,"1":1,"2":1,"3":1,"4":1,"5":1,"6":1,"7":1},"f":{},"b":{},"_coverageSchema":"1a1c01bbd47fc00a2c39e90264f33305004495a9","hash":"6a294199c102f95053780c6fa923b9cfa0cfcb5a"}
,"C:\\Users\\Acer\\Desktop\\Backend_senin\\Backend\\routes\\router.js": {"path":"C:\\Users\\Acer\\Desktop\\Backend_senin\\Backend\\routes\\router.js","statementMap":{"0":{"start":{"line":1,"column":15},"end":{"line":1,"column":42}},"1":{"start":{"line":2,"column":23},"end":{"line":2,"column":62}},"2":{"start":{"line":3,"column":19},"end":{"line":3,"column":42}},"3":{"start":{"line":4,"column":19},"end":{"line":4,"column":42}},"4":{"start":{"line":5,"column":23},"end":{"line":5,"column":50}},"5":{"start":{"line":6,"column":19},"end":{"line":6,"column":42}},"6":{"start":{"line":7,"column":20},"end":{"line":7,"column":44}},"7":{"start":{"line":9,"column":0},"end":{"line":9,"column":23}},"8":{"start":{"line":10,"column":0},"end":{"line":10,"column":32}},"9":{"start":{"line":11,"column":0},"end":{"line":11,"column":27}},"10":{"start":{"line":12,"column":0},"end":{"line":12,"column":40}},"11":{"start":{"line":13,"column":0},"end":{"line":13,"column":32}},"12":{"start":{"line":14,"column":0},"end":{"line":14,"column":33}},"13":{"start":{"line":16,"column":0},"end":{"line":16,"column":23}}},"fnMap":{},"branchMap":{},"s":{"0":1,"1":1,"2":1,"3":1,"4":1,"5":1,"6":1,"7":1,"8":1,"9":1,"10":1,"11":1,"12":1,"13":1},"f":{},"b":{},"_coverageSchema":"1a1c01bbd47fc00a2c39e90264f33305004495a9","hash":"4da93fd2663b246ae7dd75e6783bab87662fef92"}
,"C:\\Users\\Acer\\Desktop\\Backend_senin\\Backend\\routes\\userRouter.js": {"path":"C:\\Users\\Acer\\Desktop\\Backend_senin\\Backend\\routes\\userRouter.js","statementMap":{"0":{"start":{"line":1,"column":19},"end":{"line":1,"column":46}},"1":{"start":{"line":2,"column":19},"end":{"line":2,"column":59}},"2":{"start":{"line":4,"column":0},"end":{"line":4,"column":50}},"3":{"start":{"line":5,"column":0},"end":{"line":5,"column":44}},"4":{"start":{"line":7,"column":0},"end":{"line":7,"column":27}}},"fnMap":{},"branchMap":{},"s":{"0":1,"1":1,"2":1,"3":1,"4":1},"f":{},"b":{},"_coverageSchema":"1a1c01bbd47fc00a2c39e90264f33305004495a9","hash":"f8ca45dcd3fc4f128fef17930ca9af2c9b83b68e"}
}
