TN:
SF:app.js
FN:18,(anonymous_0)
FNF:1
FNH:1
FNDA:1,(anonymous_0)
DA:1,1
DA:2,1
DA:5,1
DA:6,1
DA:7,1
DA:8,1
DA:9,1
DA:10,1
DA:12,1
DA:13,1
DA:14,1
DA:16,1
DA:17,1
DA:18,1
DA:20,1
LF:15
LH:15
BRDA:1,0,0,1
BRDA:1,0,1,0
BRDA:10,1,0,1
BRDA:10,1,1,1
BRF:4
BRH:3
end_of_record
TN:
SF:controllers\adminController.js
FN:4,(anonymous_0)
FN:11,(anonymous_1)
FN:15,(anonymous_2)
FN:16,(anonymous_3)
FNF:4
FNH:0
FNDA:0,(anonymous_0)
FNDA:0,(anonymous_1)
FNDA:0,(anonymous_2)
FNDA:0,(anonymous_3)
DA:1,1
DA:5,0
DA:6,0
DA:7,0
DA:8,0
DA:12,0
DA:15,0
DA:16,0
DA:20,1
LF:9
LH:2
BRF:0
BRH:0
end_of_record
TN:
SF:controllers\approvalController.js
FN:5,(anonymous_0)
FN:13,(anonymous_1)
FN:16,(anonymous_2)
FN:21,(anonymous_3)
FN:50,(anonymous_4)
FN:51,(anonymous_5)
FN:55,(anonymous_6)
FN:77,(anonymous_7)
FN:105,(anonymous_8)
FN:121,(anonymous_9)
FN:137,(anonymous_10)
FN:139,(anonymous_11)
FN:144,(anonymous_12)
FNF:13
FNH:0
FNDA:0,(anonymous_0)
FNDA:0,(anonymous_1)
FNDA:0,(anonymous_2)
FNDA:0,(anonymous_3)
FNDA:0,(anonymous_4)
FNDA:0,(anonymous_5)
FNDA:0,(anonymous_6)
FNDA:0,(anonymous_7)
FNDA:0,(anonymous_8)
FNDA:0,(anonymous_9)
FNDA:0,(anonymous_10)
FNDA:0,(anonymous_11)
FNDA:0,(anonymous_12)
DA:1,1
DA:2,1
DA:6,0
DA:14,0
DA:17,0
DA:22,0
DA:23,0
DA:27,0
DA:49,0
DA:50,0
DA:51,0
DA:52,0
DA:53,0
DA:54,0
DA:55,0
DA:56,0
DA:57,0
DA:58,0
DA:60,0
DA:61,0
DA:67,0
DA:68,0
DA:71,0
DA:73,0
DA:78,0
DA:79,0
DA:80,0
DA:87,0
DA:99,0
DA:101,0
DA:106,0
DA:107,0
DA:115,0
DA:116,0
DA:121,0
DA:122,0
DA:123,0
DA:133,0
DA:138,0
DA:140,0
DA:145,0
DA:150,1
LF:42
LH:3
BRDA:54,0,0,0
BRDA:54,0,1,0
BRDA:56,1,0,0
BRDA:56,1,1,0
BRDA:57,2,0,0
BRDA:57,2,1,0
BRDA:60,3,0,0
BRDA:60,3,1,0
BRDA:67,4,0,0
BRDA:67,4,1,0
BRDA:115,5,0,0
BRDA:115,5,1,0
BRDA:122,6,0,0
BRDA:122,6,1,0
BRF:14
BRH:0
end_of_record
TN:
SF:controllers\formController.js
FN:4,(anonymous_0)
FN:6,(anonymous_1)
FN:7,(anonymous_2)
FN:10,(anonymous_3)
FN:20,(anonymous_4)
FNF:5
FNH:4
FNDA:1,(anonymous_0)
FNDA:1,(anonymous_1)
FNDA:0,(anonymous_2)
FNDA:7,(anonymous_3)
FNDA:2,(anonymous_4)
DA:1,1
DA:5,1
DA:6,1
DA:7,0
DA:11,7
DA:12,7
DA:13,7
DA:19,4
DA:20,4
DA:27,2
DA:28,1
DA:30,6
DA:31,6
DA:36,1
LF:14
LH:13
BRF:0
BRH:0
end_of_record
TN:
SF:controllers\roleController.js
FN:5,(anonymous_0)
FN:11,(anonymous_1)
FN:14,(anonymous_2)
FN:18,(anonymous_3)
FN:24,(anonymous_4)
FN:31,(anonymous_5)
FN:35,(anonymous_6)
FN:37,(anonymous_7)
FN:40,(anonymous_8)
FN:44,(anonymous_9)
FN:50,(anonymous_10)
FN:57,(anonymous_11)
FN:61,(anonymous_12)
FN:63,(anonymous_13)
FN:66,(anonymous_14)
FNF:15
FNH:0
FNDA:0,(anonymous_0)
FNDA:0,(anonymous_1)
FNDA:0,(anonymous_2)
FNDA:0,(anonymous_3)
FNDA:0,(anonymous_4)
FNDA:0,(anonymous_5)
FNDA:0,(anonymous_6)
FNDA:0,(anonymous_7)
FNDA:0,(anonymous_8)
FNDA:0,(anonymous_9)
FNDA:0,(anonymous_10)
FNDA:0,(anonymous_11)
FNDA:0,(anonymous_12)
FNDA:0,(anonymous_13)
FNDA:0,(anonymous_14)
DA:1,1
DA:2,1
DA:6,0
DA:12,0
DA:15,0
DA:19,0
DA:20,0
DA:25,0
DA:32,0
DA:36,0
DA:38,0
DA:41,0
DA:45,0
DA:46,0
DA:51,0
DA:58,0
DA:62,0
DA:64,0
DA:67,0
DA:72,1
LF:20
LH:3
BRF:0
BRH:0
end_of_record
TN:
SF:controllers\userController.js
FN:6,(anonymous_0)
FN:15,(anonymous_1)
FN:22,(anonymous_2)
FN:29,(anonymous_3)
FN:34,(anonymous_4)
FN:41,(anonymous_5)
FN:49,(anonymous_6)
FN:64,(anonymous_7)
FNF:8
FNH:0
FNDA:0,(anonymous_0)
FNDA:0,(anonymous_1)
FNDA:0,(anonymous_2)
FNDA:0,(anonymous_3)
FNDA:0,(anonymous_4)
FNDA:0,(anonymous_5)
FNDA:0,(anonymous_6)
FNDA:0,(anonymous_7)
DA:1,1
DA:2,1
DA:3,1
DA:7,0
DA:8,0
DA:14,0
DA:16,0
DA:17,0
DA:19,0
DA:23,0
DA:30,0
DA:35,0
DA:36,0
DA:38,0
DA:42,0
DA:43,0
DA:44,0
DA:46,0
DA:50,0
DA:51,0
DA:55,0
DA:61,0
DA:65,0
DA:70,1
LF:24
LH:4
BRDA:16,0,0,0
BRDA:16,0,1,0
BRDA:43,1,0,0
BRDA:43,1,1,0
BRDA:50,2,0,0
BRDA:50,2,1,0
BRF:6
BRH:0
end_of_record
TN:
SF:helper\bcrypt.js
FN:4,hashPassword
FN:8,verifyPassword
FNF:2
FNH:1
FNDA:1,hashPassword
FNDA:0,verifyPassword
DA:1,1
DA:2,1
DA:5,1
DA:9,0
DA:12,1
LF:5
LH:4
BRF:0
BRH:0
end_of_record
TN:
SF:helper\jwt.js
FN:4,createToken
FN:8,verifyUser
FNF:2
FNH:2
FNDA:2,createToken
FNDA:10,verifyUser
DA:1,1
DA:2,1
DA:5,2
DA:9,10
DA:12,1
LF:5
LH:5
BRF:0
BRH:0
end_of_record
TN:
SF:middleware\authentication.js
FN:4,authentication
FN:12,(anonymous_1)
FN:24,(anonymous_2)
FNF:3
FNH:2
FNDA:10,authentication
FNDA:8,(anonymous_1)
FNDA:0,(anonymous_2)
DA:1,1
DA:2,1
DA:5,10
DA:7,10
DA:8,10
DA:9,8
DA:13,8
DA:14,8
DA:19,8
DA:21,0
DA:25,0
DA:28,0
DA:32,1
LF:13
LH:10
BRDA:7,0,0,10
BRDA:7,0,1,0
BRDA:13,1,0,8
BRDA:13,1,1,0
BRF:4
BRH:2
end_of_record
TN:
SF:middleware\errorHandler.js
FN:1,(anonymous_0)
FNF:1
FNH:1
FNDA:8,(anonymous_0)
DA:1,1
DA:2,8
DA:4,2
DA:5,2
DA:7,3
DA:8,3
DA:10,1
DA:11,1
DA:13,0
DA:14,0
DA:16,0
DA:17,0
DA:19,2
DA:20,2
DA:24,1
LF:15
LH:11
BRDA:2,0,0,2
BRDA:2,0,1,3
BRDA:2,0,2,1
BRDA:2,0,3,0
BRDA:2,0,4,0
BRDA:2,0,5,2
BRDA:19,1,0,2
BRDA:19,1,1,0
BRF:8
BRH:5
end_of_record
TN:
SF:models\approval.js
FN:5,(anonymous_0)
FN:12,(anonymous_1)
FNF:2
FNH:2
FNDA:1,(anonymous_0)
FNDA:1,(anonymous_1)
DA:4,1
DA:5,1
DA:14,1
DA:15,1
DA:18,1
DA:32,1
LF:6
LH:6
BRF:0
BRH:0
end_of_record
TN:
SF:models\form.js
FN:5,(anonymous_0)
FN:12,(anonymous_1)
FNF:2
FNH:2
FNDA:1,(anonymous_0)
FNDA:1,(anonymous_1)
DA:4,1
DA:5,1
DA:14,1
DA:15,1
DA:18,1
DA:50,1
LF:6
LH:6
BRF:0
BRH:0
end_of_record
TN:
SF:models\index.js
FN:20,(anonymous_0)
FN:23,(anonymous_1)
FN:28,(anonymous_2)
FNF:3
FNH:3
FNDA:5,(anonymous_0)
FNDA:4,(anonymous_1)
FNDA:4,(anonymous_2)
DA:3,1
DA:4,1
DA:5,1
DA:6,1
DA:7,1
DA:8,1
DA:9,1
DA:12,1
DA:13,0
DA:15,1
DA:18,1
DA:21,5
DA:24,4
DA:25,4
DA:28,1
DA:29,4
DA:30,4
DA:34,1
DA:35,1
DA:37,1
LF:20
LH:19
BRDA:7,0,0,1
BRDA:7,0,1,0
BRDA:12,1,0,0
BRDA:12,1,1,1
BRDA:21,2,0,5
BRDA:21,2,1,5
BRDA:21,2,2,4
BRDA:29,3,0,4
BRDA:29,3,1,0
BRF:9
BRH:6
end_of_record
TN:
SF:models\role.js
FN:5,(anonymous_0)
FN:12,(anonymous_1)
FNF:2
FNH:2
FNDA:1,(anonymous_0)
FNDA:1,(anonymous_1)
DA:4,1
DA:5,1
DA:14,1
DA:17,1
DA:24,1
LF:5
LH:5
BRF:0
BRH:0
end_of_record
TN:
SF:models\user.js
FN:5,(anonymous_0)
FN:12,(anonymous_1)
FNF:2
FNH:2
FNDA:1,(anonymous_0)
FNDA:1,(anonymous_1)
DA:4,1
DA:5,1
DA:14,1
DA:15,1
DA:16,1
DA:19,1
DA:30,1
LF:7
LH:7
BRF:0
BRH:0
end_of_record
TN:
SF:routes\adminRouter.js
FNF:0
FNH:0
DA:1,1
DA:2,1
DA:4,1
DA:5,1
DA:7,1
LF:5
LH:5
BRF:0
BRH:0
end_of_record
TN:
SF:routes\approvalRouter.js
FNF:0
FNH:0
DA:1,1
DA:2,1
DA:4,1
DA:5,1
DA:6,1
DA:7,1
DA:8,1
DA:10,1
LF:8
LH:8
BRF:0
BRH:0
end_of_record
TN:
SF:routes\formRouter.js
FNF:0
FNH:0
DA:1,1
DA:2,1
DA:4,1
DA:5,1
DA:8,1
LF:5
LH:5
BRF:0
BRH:0
end_of_record
TN:
SF:routes\roleRouter.js
FNF:0
FNH:0
DA:1,1
DA:2,1
DA:4,1
DA:5,1
DA:6,1
DA:7,1
DA:8,1
DA:11,1
LF:8
LH:8
BRF:0
BRH:0
end_of_record
TN:
SF:routes\router.js
FNF:0
FNH:0
DA:1,1
DA:2,1
DA:3,1
DA:4,1
DA:5,1
DA:6,1
DA:7,1
DA:9,1
DA:10,1
DA:11,1
DA:12,1
DA:13,1
DA:14,1
DA:16,1
LF:14
LH:14
BRF:0
BRH:0
end_of_record
TN:
SF:routes\userRouter.js
FNF:0
FNH:0
DA:1,1
DA:2,1
DA:4,1
DA:5,1
DA:7,1
LF:5
LH:5
BRF:0
BRH:0
end_of_record
