TN:
SF:app.js
FNF:0
FNH:0
DA:1,5
DA:2,5
DA:5,5
DA:6,5
DA:7,5
DA:8,5
DA:9,5
DA:11,5
DA:12,5
DA:13,5
DA:15,5
DA:16,5
DA:18,5
LF:13
LH:13
BRDA:1,0,0,5
BRDA:1,0,1,0
BRF:2
BRH:1
end_of_record
TN:
SF:controllers\adminController.js
FN:4,(anonymous_0)
FN:12,(anonymous_1)
FN:16,(anonymous_2)
FNF:3
FNH:3
FNDA:1,(anonymous_0)
FNDA:1,(anonymous_1)
FNDA:1,(anonymous_2)
DA:1,5
DA:5,1
DA:6,1
DA:7,1
DA:9,1
DA:13,1
DA:16,1
DA:21,5
LF:8
LH:8
BRF:0
BRH:0
end_of_record
TN:
SF:controllers\approvalController.js
FN:5,(anonymous_0)
FN:13,(anonymous_1)
FN:16,(anonymous_2)
FN:21,(anonymous_3)
FN:50,(anonymous_4)
FN:51,(anonymous_5)
FN:55,(anonymous_6)
FN:77,(anonymous_7)
FN:105,(anonymous_8)
FN:121,(anonymous_9)
FN:140,(anonymous_10)
FN:142,(anonymous_11)
FN:147,(anonymous_12)
FNF:13
FNH:10
FNDA:1,(anonymous_0)
FNDA:1,(anonymous_1)
FNDA:0,(anonymous_2)
FNDA:1,(anonymous_3)
FNDA:1,(anonymous_4)
FNDA:0,(anonymous_5)
FNDA:1,(anonymous_6)
FNDA:1,(anonymous_7)
FNDA:1,(anonymous_8)
FNDA:1,(anonymous_9)
FNDA:1,(anonymous_10)
FNDA:1,(anonymous_11)
FNDA:0,(anonymous_12)
DA:1,5
DA:2,5
DA:6,1
DA:14,1
DA:17,0
DA:22,1
DA:23,1
DA:27,1
DA:49,1
DA:50,1
DA:51,1
DA:52,1
DA:53,1
DA:54,1
DA:55,1
DA:56,1
DA:57,1
DA:58,0
DA:60,1
DA:61,1
DA:67,1
DA:68,1
DA:71,1
DA:73,0
DA:78,1
DA:79,1
DA:80,1
DA:87,1
DA:99,1
DA:101,0
DA:106,1
DA:107,1
DA:115,1
DA:116,1
DA:121,1
DA:122,1
DA:123,1
DA:131,1
DA:136,0
DA:141,1
DA:143,1
DA:148,0
DA:153,5
LF:43
LH:37
BRDA:54,0,0,1
BRDA:54,0,1,0
BRDA:56,1,0,1
BRDA:56,1,1,0
BRDA:57,2,0,0
BRDA:57,2,1,1
BRDA:60,3,0,1
BRDA:60,3,1,0
BRDA:67,4,0,1
BRDA:67,4,1,0
BRDA:115,5,0,1
BRDA:115,5,1,0
BRDA:122,6,0,1
BRDA:122,6,1,0
BRF:14
BRH:7
end_of_record
TN:
SF:controllers\formController.js
FN:4,(anonymous_0)
FN:9,(anonymous_1)
FN:20,(anonymous_2)
FN:35,(anonymous_3)
FN:41,(anonymous_4)
FN:54,(anonymous_5)
FN:77,(anonymous_6)
FNF:7
FNH:7
FNDA:1,(anonymous_0)
FNDA:7,(anonymous_1)
FNDA:2,(anonymous_2)
FNDA:1,(anonymous_3)
FNDA:7,(anonymous_4)
FNDA:2,(anonymous_5)
FNDA:2,(anonymous_6)
DA:1,5
DA:5,1
DA:6,1
DA:10,7
DA:11,7
DA:13,7
DA:19,4
DA:20,4
DA:27,2
DA:28,1
DA:31,6
DA:36,1
DA:37,1
DA:38,1
DA:42,7
DA:43,7
DA:45,7
DA:46,7
DA:47,7
DA:53,4
DA:54,4
DA:62,2
DA:63,1
DA:73,6
DA:78,2
DA:79,2
DA:80,2
DA:85,2
DA:86,1
DA:90,1
DA:93,1
DA:98,5
LF:32
LH:32
BRDA:45,0,0,5
BRDA:85,1,0,1
BRDA:85,1,1,1
BRF:3
BRH:3
end_of_record
TN:
SF:controllers\roleController.js
FN:5,(anonymous_0)
FN:11,(anonymous_1)
FN:14,(anonymous_2)
FN:18,(anonymous_3)
FN:24,(anonymous_4)
FN:31,(anonymous_5)
FN:35,(anonymous_6)
FN:37,(anonymous_7)
FN:44,(anonymous_8)
FN:48,(anonymous_9)
FN:54,(anonymous_10)
FN:61,(anonymous_11)
FN:65,(anonymous_12)
FN:67,(anonymous_13)
FN:70,(anonymous_14)
FNF:15
FNH:12
FNDA:1,(anonymous_0)
FNDA:1,(anonymous_1)
FNDA:0,(anonymous_2)
FNDA:2,(anonymous_3)
FNDA:1,(anonymous_4)
FNDA:1,(anonymous_5)
FNDA:2,(anonymous_6)
FNDA:2,(anonymous_7)
FNDA:0,(anonymous_8)
FNDA:2,(anonymous_9)
FNDA:1,(anonymous_10)
FNDA:1,(anonymous_11)
FNDA:1,(anonymous_12)
FNDA:1,(anonymous_13)
FNDA:0,(anonymous_14)
DA:1,5
DA:2,5
DA:6,1
DA:12,1
DA:15,0
DA:19,2
DA:20,2
DA:25,1
DA:32,1
DA:36,2
DA:38,2
DA:39,1
DA:41,1
DA:45,0
DA:49,2
DA:50,2
DA:55,1
DA:62,1
DA:66,1
DA:68,1
DA:71,0
DA:76,5
LF:22
LH:19
BRDA:38,0,0,1
BRDA:38,0,1,1
BRF:2
BRH:2
end_of_record
TN:
SF:controllers\userController.js
FN:6,(anonymous_0)
FN:15,(anonymous_1)
FN:22,(anonymous_2)
FN:29,(anonymous_3)
FN:34,(anonymous_4)
FN:41,(anonymous_5)
FN:49,(anonymous_6)
FN:64,(anonymous_7)
FNF:8
FNH:7
FNDA:2,(anonymous_0)
FNDA:2,(anonymous_1)
FNDA:2,(anonymous_2)
FNDA:0,(anonymous_3)
FNDA:4,(anonymous_4)
FNDA:4,(anonymous_5)
FNDA:2,(anonymous_6)
FNDA:2,(anonymous_7)
DA:1,5
DA:2,5
DA:3,5
DA:7,2
DA:8,2
DA:14,2
DA:16,2
DA:17,0
DA:19,2
DA:23,2
DA:30,0
DA:35,4
DA:38,4
DA:42,4
DA:43,2
DA:44,2
DA:46,0
DA:50,2
DA:51,1
DA:55,1
DA:61,1
DA:65,2
DA:70,5
LF:23
LH:20
BRDA:16,0,0,0
BRDA:16,0,1,2
BRDA:43,1,0,2
BRDA:43,1,1,0
BRDA:50,2,0,1
BRDA:50,2,1,1
BRF:6
BRH:4
end_of_record
TN:
SF:helper\bcrypt.js
FN:4,hashPassword
FN:8,verifyPassword
FNF:2
FNH:2
FNDA:7,hashPassword
FNDA:2,verifyPassword
DA:1,5
DA:2,5
DA:5,7
DA:9,2
DA:12,5
LF:5
LH:5
BRF:0
BRH:0
end_of_record
TN:
SF:helper\jwt.js
FN:4,createToken
FN:8,verifyUser
FNF:2
FNH:2
FNDA:10,createToken
FNDA:32,verifyUser
DA:1,5
DA:2,5
DA:5,10
DA:9,32
DA:12,5
LF:5
LH:5
BRF:0
BRH:0
end_of_record
TN:
SF:middleware\authentication.js
FN:4,authentication
FN:11,(anonymous_1)
FN:23,(anonymous_2)
FNF:3
FNH:2
FNDA:32,authentication
FNDA:25,(anonymous_1)
FNDA:0,(anonymous_2)
DA:1,5
DA:2,5
DA:5,32
DA:6,32
DA:7,32
DA:8,25
DA:12,25
DA:13,25
DA:18,25
DA:20,0
DA:24,0
DA:27,0
DA:31,5
LF:13
LH:10
BRDA:6,0,0,32
BRDA:6,0,1,0
BRDA:12,1,0,25
BRDA:12,1,1,0
BRF:4
BRH:2
end_of_record
TN:
SF:middleware\errorHandler.js
FN:1,(anonymous_0)
FNF:1
FNH:1
FNDA:20,(anonymous_0)
DA:1,5
DA:2,20
DA:4,7
DA:5,7
DA:7,6
DA:8,6
DA:10,2
DA:11,2
DA:13,0
DA:14,0
DA:16,1
DA:17,1
DA:19,4
DA:20,4
DA:24,5
LF:15
LH:13
BRDA:2,0,0,7
BRDA:2,0,1,6
BRDA:2,0,2,2
BRDA:2,0,3,0
BRDA:2,0,4,1
BRDA:2,0,5,4
BRDA:19,1,0,4
BRDA:19,1,1,0
BRF:8
BRH:6
end_of_record
TN:
SF:models\approval.js
FN:5,(anonymous_0)
FN:12,(anonymous_1)
FNF:2
FNH:2
FNDA:5,(anonymous_0)
FNDA:5,(anonymous_1)
DA:4,5
DA:5,5
DA:14,5
DA:15,5
DA:18,5
DA:32,5
LF:6
LH:6
BRF:0
BRH:0
end_of_record
TN:
SF:models\form.js
FN:5,(anonymous_0)
FN:12,(anonymous_1)
FNF:2
FNH:2
FNDA:5,(anonymous_0)
FNDA:5,(anonymous_1)
DA:4,5
DA:5,5
DA:14,5
DA:15,5
DA:18,5
DA:50,5
LF:6
LH:6
BRF:0
BRH:0
end_of_record
TN:
SF:models\index.js
FN:20,(anonymous_0)
FN:23,(anonymous_1)
FN:28,(anonymous_2)
FNF:3
FNH:3
FNDA:25,(anonymous_0)
FNDA:20,(anonymous_1)
FNDA:20,(anonymous_2)
DA:3,5
DA:4,5
DA:5,5
DA:6,5
DA:7,5
DA:8,5
DA:9,5
DA:12,5
DA:13,0
DA:15,5
DA:18,5
DA:21,25
DA:24,20
DA:25,20
DA:28,5
DA:29,20
DA:30,20
DA:34,5
DA:35,5
DA:37,5
LF:20
LH:19
BRDA:7,0,0,5
BRDA:7,0,1,0
BRDA:12,1,0,0
BRDA:12,1,1,5
BRDA:21,2,0,25
BRDA:21,2,1,25
BRDA:21,2,2,20
BRDA:29,3,0,20
BRDA:29,3,1,0
BRF:9
BRH:6
end_of_record
TN:
SF:models\role.js
FN:5,(anonymous_0)
FN:12,(anonymous_1)
FNF:2
FNH:2
FNDA:5,(anonymous_0)
FNDA:5,(anonymous_1)
DA:4,5
DA:5,5
DA:14,5
DA:17,5
DA:38,5
LF:5
LH:5
BRF:0
BRH:0
end_of_record
TN:
SF:models\user.js
FN:5,(anonymous_0)
FN:12,(anonymous_1)
FNF:2
FNH:2
FNDA:5,(anonymous_0)
FNDA:5,(anonymous_1)
DA:4,5
DA:5,5
DA:14,5
DA:15,5
DA:16,5
DA:19,5
DA:30,5
LF:7
LH:7
BRF:0
BRH:0
end_of_record
TN:
SF:routes\adminRouter.js
FNF:0
FNH:0
DA:1,5
DA:2,5
DA:4,5
DA:5,5
DA:7,5
LF:5
LH:5
BRF:0
BRH:0
end_of_record
TN:
SF:routes\approvalRouter.js
FNF:0
FNH:0
DA:1,5
DA:2,5
DA:4,5
DA:5,5
DA:6,5
DA:7,5
DA:8,5
DA:10,5
LF:8
LH:8
BRF:0
BRH:0
end_of_record
TN:
SF:routes\formRouter.js
FNF:0
FNH:0
DA:1,5
DA:2,5
DA:4,5
DA:5,5
DA:6,5
DA:7,5
DA:8,5
DA:13,5
LF:8
LH:8
BRF:0
BRH:0
end_of_record
TN:
SF:routes\roleRouter.js
FNF:0
FNH:0
DA:1,5
DA:2,5
DA:4,5
DA:5,5
DA:6,5
DA:7,5
DA:8,5
DA:11,5
LF:8
LH:8
BRF:0
BRH:0
end_of_record
TN:
SF:routes\router.js
FNF:0
FNH:0
DA:1,5
DA:2,5
DA:3,5
DA:4,5
DA:5,5
DA:6,5
DA:7,5
DA:9,5
DA:10,5
DA:11,5
DA:12,5
DA:13,5
DA:14,5
DA:16,5
LF:14
LH:14
BRF:0
BRH:0
end_of_record
TN:
SF:routes\userRouter.js
FNF:0
FNH:0
DA:1,5
DA:2,5
DA:4,5
DA:5,5
DA:7,5
LF:5
LH:5
BRF:0
BRH:0
end_of_record
